d:\freelancer\ongoing work\pending\python projet noor\3d_graphics_render_engine-master\rasteriser\x64\debug\vc141.pdb
d:\freelancer\ongoing work\pending\python projet noor\3d_graphics_render_engine-master\rasteriser\x64\debug\vc141.idb
d:\freelancer\ongoing work\pending\python projet noor\3d_graphics_render_engine-master\rasteriser\x64\debug\vertex.obj
d:\freelancer\ongoing work\pending\python projet noor\3d_graphics_render_engine-master\rasteriser\x64\debug\vector3d.obj
d:\freelancer\ongoing work\pending\python projet noor\3d_graphics_render_engine-master\rasteriser\x64\debug\rasteriser.obj
d:\freelancer\ongoing work\pending\python projet noor\3d_graphics_render_engine-master\rasteriser\x64\debug\polygon3d.obj
d:\freelancer\ongoing work\pending\python projet noor\3d_graphics_render_engine-master\rasteriser\x64\debug\model.obj
d:\freelancer\ongoing work\pending\python projet noor\3d_graphics_render_engine-master\rasteriser\x64\debug\md2loader.obj
d:\freelancer\ongoing work\pending\python projet noor\3d_graphics_render_engine-master\rasteriser\x64\debug\matrix.obj
d:\freelancer\ongoing work\pending\python projet noor\3d_graphics_render_engine-master\rasteriser\x64\debug\framework.obj
d:\freelancer\ongoing work\pending\python projet noor\3d_graphics_render_engine-master\rasteriser\x64\debug\camera.obj
d:\freelancer\ongoing work\pending\python projet noor\3d_graphics_render_engine-master\rasteriser\x64\debug\bitmap.obj
d:\freelancer\ongoing work\pending\python projet noor\3d_graphics_render_engine-master\x64\debug\aliaksandar.ilk
d:\freelancer\ongoing work\pending\python projet noor\3d_graphics_render_engine-master\x64\debug\aliaksandar.exe
d:\freelancer\ongoing work\pending\python projet noor\3d_graphics_render_engine-master\x64\debug\aliaksandar.pdb
d:\freelancer\ongoing work\pending\python projet noor\3d_graphics_render_engine-master\rasteriser\x64\debug\rasteriser.res
d:\freelancer\ongoing work\pending\python projet noor\3d_graphics_render_engine-master\rasteriser\x64\debug\aliaksandar.tlog\cl.command.1.tlog
d:\freelancer\ongoing work\pending\python projet noor\3d_graphics_render_engine-master\rasteriser\x64\debug\aliaksandar.tlog\cl.read.1.tlog
d:\freelancer\ongoing work\pending\python projet noor\3d_graphics_render_engine-master\rasteriser\x64\debug\aliaksandar.tlog\cl.write.1.tlog
d:\freelancer\ongoing work\pending\python projet noor\3d_graphics_render_engine-master\rasteriser\x64\debug\aliaksandar.tlog\link.command.1.tlog
d:\freelancer\ongoing work\pending\python projet noor\3d_graphics_render_engine-master\rasteriser\x64\debug\aliaksandar.tlog\link.read.1.tlog
d:\freelancer\ongoing work\pending\python projet noor\3d_graphics_render_engine-master\rasteriser\x64\debug\aliaksandar.tlog\link.write.1.tlog
d:\freelancer\ongoing work\pending\python projet noor\3d_graphics_render_engine-master\rasteriser\x64\debug\aliaksandar.tlog\rc.command.1.tlog
d:\freelancer\ongoing work\pending\python projet noor\3d_graphics_render_engine-master\rasteriser\x64\debug\aliaksandar.tlog\rc.read.1.tlog
d:\freelancer\ongoing work\pending\python projet noor\3d_graphics_render_engine-master\rasteriser\x64\debug\aliaksandar.tlog\rc.write.1.tlog
